[debug] [2020-05-21T19:14:23.049Z] ----------------------------------------------------------------------
[debug] [2020-05-21T19:14:23.051Z] Command:       C:\Program Files\nodejs\node.exe C:\Users\cardi\AppData\Local\Yarn\Data\global\node_modules\firebase-tools\lib\bin\firebase.js init
[debug] [2020-05-21T19:14:23.052Z] CLI Version:   8.3.0
[debug] [2020-05-21T19:14:23.052Z] Platform:      win32
[debug] [2020-05-21T19:14:23.052Z] Node Version:  v12.10.0
[debug] [2020-05-21T19:14:23.053Z] Time:          Thu May 21 2020 20:14:23 GMT+0100 (British Summer Time)
[debug] [2020-05-21T19:14:23.053Z] ----------------------------------------------------------------------
[debug] [2020-05-21T19:14:23.053Z] 
[debug] [2020-05-21T19:14:23.059Z] > command requires scopes: ["email","openid","https://www.googleapis.com/auth/cloudplatformprojects.readonly","https://www.googleapis.com/auth/firebase","https://www.googleapis.com/auth/cloud-platform"]
[debug] [2020-05-21T19:14:23.059Z] > authorizing via signed-in user
[info] 
     ######## #### ########  ######## ########     ###     ######  ########
     ##        ##  ##     ## ##       ##     ##  ##   ##  ##       ##
     ######    ##  ########  ######   ########  #########  ######  ######
     ##        ##  ##    ##  ##       ##     ## ##     ##       ## ##
     ##       #### ##     ## ######## ########  ##     ##  ######  ########

You're about to initialize a Firebase project in this directory:

  E:\code\meditation-app

Before we get started, keep in mind:

  * You are initializing in an existing Firebase project directory

[info] 
=== Project Setup
[info] 
[info] First, let's associate this project directory with a Firebase project.
[info] You can create multiple project aliases by running firebase use --add, 
[info] but for now we'll just set up a default project.
[info] 
[info] i  .firebaserc already has a default project, using meditation-b0f81. 
[debug] [2020-05-21T19:14:25.763Z] >>> HTTP REQUEST GET https://firebase.googleapis.com/v1beta1/projects/meditation-b0f81  
 
[debug] [2020-05-21T19:14:26.004Z] <<< HTTP RESPONSE 200 {"content-type":"application/json; charset=UTF-8","vary":"X-Origin, Referer, Origin,Accept-Encoding","date":"Thu, 21 May 2020 19:14:25 GMT","server":"ESF","cache-control":"private","x-xss-protection":"0","x-frame-options":"SAMEORIGIN","x-content-type-options":"nosniff","alt-svc":"h3-27=\":443\"; ma=2592000,h3-25=\":443\"; ma=2592000,h3-T050=\":443\"; ma=2592000,h3-Q050=\":443\"; ma=2592000,h3-Q049=\":443\"; ma=2592000,h3-Q048=\":443\"; ma=2592000,h3-Q046=\":443\"; ma=2592000,h3-Q043=\":443\"; ma=2592000,quic=\":443\"; ma=2592000; v=\"46,43\"","accept-ranges":"none","transfer-encoding":"chunked"}
[info] 
=== Hosting Setup
[info] 
[info] Your public directory is the folder (relative to your project directory) that
[info] will contain Hosting assets to be uploaded with firebase deploy. If you
[info] have a build process for your assets, use your build's output directory.
[info] 
